INFO:    Converting OCI blobs to SIF format
INFO:    Starting build...
INFO:    Fetching OCI image...
INFO:    Extracting OCI image...
INFO:    Inserting Apptainer configuration...
INFO:    Creating SIF file...
WARNING: Target directory /var/lib/condor/execute/slot1/dir_757585/scratch/py_pkgs/bin already exists. Specify --upgrade to force replacement.
Traceback (most recent call last):
  File "/var/lib/condor/execute/slot1/dir_757585/scratch/py_pkgs/transformers/utils/import_utils.py", line 1817, in _get_module
    return importlib.import_module("." + module_name, self.__name__)
  File "/opt/conda/lib/python3.10/importlib/__init__.py", line 126, in import_module
    return _bootstrap._gcd_import(name[level:], package, level)
  File "<frozen importlib._bootstrap>", line 1050, in _gcd_import
  File "<frozen importlib._bootstrap>", line 1027, in _find_and_load
  File "<frozen importlib._bootstrap>", line 1006, in _find_and_load_unlocked
  File "<frozen importlib._bootstrap>", line 688, in _load_unlocked
  File "<frozen importlib._bootstrap_external>", line 883, in exec_module
  File "<frozen importlib._bootstrap>", line 241, in _call_with_frames_removed
  File "/var/lib/condor/execute/slot1/dir_757585/scratch/py_pkgs/transformers/models/qwen2/modeling_qwen2.py", line 25, in <module>
    from ...modeling_utils import ALL_ATTENTION_FUNCTIONS, PreTrainedModel
  File "/var/lib/condor/execute/slot1/dir_757585/scratch/py_pkgs/transformers/modeling_utils.py", line 51, in <module>
    from .loss.loss_utils import LOSS_MAPPING
  File "/var/lib/condor/execute/slot1/dir_757585/scratch/py_pkgs/transformers/loss/loss_utils.py", line 19, in <module>
    from .loss_deformable_detr import DeformableDetrForObjectDetectionLoss, DeformableDetrForSegmentationLoss
  File "/var/lib/condor/execute/slot1/dir_757585/scratch/py_pkgs/transformers/loss/loss_deformable_detr.py", line 4, in <module>
    from ..image_transforms import center_to_corners_format
  File "/var/lib/condor/execute/slot1/dir_757585/scratch/py_pkgs/transformers/image_transforms.py", line 22, in <module>
    from .image_utils import (
  File "/var/lib/condor/execute/slot1/dir_757585/scratch/py_pkgs/transformers/image_utils.py", line 59, in <module>
    from torchvision.transforms import InterpolationMode
  File "/opt/conda/lib/python3.10/site-packages/torchvision/__init__.py", line 6, in <module>
    from torchvision import _meta_registrations, datasets, io, models, ops, transforms, utils
  File "/opt/conda/lib/python3.10/site-packages/torchvision/_meta_registrations.py", line 164, in <module>
    def meta_nms(dets, scores, iou_threshold):
  File "/var/lib/condor/execute/slot1/dir_757585/scratch/py_pkgs/torch/library.py", line 1073, in register
    use_lib._register_fake(
  File "/var/lib/condor/execute/slot1/dir_757585/scratch/py_pkgs/torch/library.py", line 203, in _register_fake
    handle = entry.fake_impl.register(
  File "/var/lib/condor/execute/slot1/dir_757585/scratch/py_pkgs/torch/_library/fake_impl.py", line 50, in register
    if torch._C._dispatch_has_kernel_for_dispatch_key(self.qualname, "Meta"):
RuntimeError: operator torchvision::nms does not exist

The above exception was the direct cause of the following exception:

Traceback (most recent call last):
  File "/var/lib/condor/execute/slot1/dir_757585/scratch/label_worker.py", line 266, in <module>
    main()
  File "/var/lib/condor/execute/slot1/dir_757585/scratch/label_worker.py", line 204, in main
    model = AutoModelForCausalLM.from_pretrained(
  File "/var/lib/condor/execute/slot1/dir_757585/scratch/py_pkgs/transformers/models/auto/auto_factory.py", line 563, in from_pretrained
    model_class = _get_model_class(config, cls._model_mapping)
  File "/var/lib/condor/execute/slot1/dir_757585/scratch/py_pkgs/transformers/models/auto/auto_factory.py", line 388, in _get_model_class
    supported_models = model_mapping[type(config)]
  File "/var/lib/condor/execute/slot1/dir_757585/scratch/py_pkgs/transformers/models/auto/auto_factory.py", line 763, in __getitem__
    return self._load_attr_from_module(model_type, model_name)
  File "/var/lib/condor/execute/slot1/dir_757585/scratch/py_pkgs/transformers/models/auto/auto_factory.py", line 777, in _load_attr_from_module
    return getattribute_from_module(self._modules[module_name], attr)
  File "/var/lib/condor/execute/slot1/dir_757585/scratch/py_pkgs/transformers/models/auto/auto_factory.py", line 693, in getattribute_from_module
    if hasattr(module, attr):
  File "/var/lib/condor/execute/slot1/dir_757585/scratch/py_pkgs/transformers/utils/import_utils.py", line 1805, in __getattr__
    module = self._get_module(self._class_to_module[name])
  File "/var/lib/condor/execute/slot1/dir_757585/scratch/py_pkgs/transformers/utils/import_utils.py", line 1819, in _get_module
    raise RuntimeError(
RuntimeError: Failed to import transformers.models.qwen2.modeling_qwen2 because of the following error (look up to see its traceback):
operator torchvision::nms does not exist
